<?xml version="1.0" encoding="UTF-8"?>
<!-- Generated by org.testng.reporters.JUnitXMLReporter -->
<testsuite hostname="LAPTOP-I0USUBRR" ignored="6" name="Test" tests="4" failures="0" timestamp="16 Jul 2020 08:58:08 GMT" time="105.139" errors="0">
  <testcase name="login_HRM" time="6.317" classname="testcases.Login_TestCase"/>
  <testcase name="Pim_HRM" time="8.072" classname="testcases.Pim_Testcase"/>
  <testcase name="Pimemp_HRM" time="17.092" classname="testcases.Pimemp_Testcase"/>
  <testcase name="Addemp_HRM" time="22.788" classname="testcases.Addemp_Testcase"/>
  <testcase name="@AfterSuite StopReport" time="0.0" classname="utlities.Reporter">
    <ignored/>
  </testcase> <!-- @AfterSuite StopReport -->
  <testcase name="@AfterSuite StopReport" time="0.0" classname="utlities.Reporter">
    <ignored/>
  </testcase> <!-- @AfterSuite StopReport -->
  <testcase name="@AfterSuite StopReport" time="0.0" classname="utlities.Reporter">
    <ignored/>
  </testcase> <!-- @AfterSuite StopReport -->
  <testcase name="@BeforeSuite startReport" time="0.0" classname="utlities.Reporter">
    <ignored/>
  </testcase> <!-- @BeforeSuite startReport -->
  <testcase name="@BeforeSuite startReport" time="0.0" classname="utlities.Reporter">
    <ignored/>
  </testcase> <!-- @BeforeSuite startReport -->
  <testcase name="@BeforeSuite startReport" time="0.0" classname="utlities.Reporter">
    <ignored/>
  </testcase> <!-- @BeforeSuite startReport -->
</testsuite> <!-- Test -->
